<?xml version="1.0" encoding="UTF-8"?>
<!-- Generated by org.testng.reporters.JUnitReportReporter -->
<testsuite hostname="Eyyup-MacBook-Pro.local" failures="0" tests="1" name="options.TestRunner" time="1.546" errors="0" timestamp="2024-05-02T01:32:59 TRT" skipped="0">
  <testcase classname="options.TestRunner" name="runScenario" time="1.546"/>
  <system-out/>
</testsuite> <!-- options.TestRunner -->
